<?xml version="1.0" encoding="UTF-8"?>
<testsuite xmlns:xsi="http://www.w3.org/2001/XMLSchema-instance" xsi:noNamespaceSchemaLocation="https://maven.apache.org/surefire/maven-surefire-plugin/xsd/surefire-test-report-3.0.xsd" version="3.0" name="com.example.onlinetools.controller.HashControllerTest" time="4.863" tests="3" errors="0" skipped="0" failures="1">
  <properties>
    <property name="java.specification.version" value="24"/>
    <property name="sun.cpu.isalist" value="amd64"/>
    <property name="sun.jnu.encoding" value="Cp1252"/>
    <property name="java.class.path" value="D:\Documents\7. Repo\online-tools\target\test-classes;D:\Documents\7. Repo\online-tools\target\classes;C:\Users\Ngoc Loc\.m2\repository\org\springframework\boot\spring-boot-starter-web\3.2.5\spring-boot-starter-web-3.2.5.jar;C:\Users\Ngoc Loc\.m2\repository\org\springframework\boot\spring-boot-starter\3.2.5\spring-boot-starter-3.2.5.jar;C:\Users\Ngoc Loc\.m2\repository\org\springframework\boot\spring-boot\3.2.5\spring-boot-3.2.5.jar;C:\Users\Ngoc Loc\.m2\repository\org\springframework\boot\spring-boot-autoconfigure\3.2.5\spring-boot-autoconfigure-3.2.5.jar;C:\Users\Ngoc Loc\.m2\repository\org\springframework\boot\spring-boot-starter-logging\3.2.5\spring-boot-starter-logging-3.2.5.jar;C:\Users\Ngoc Loc\.m2\repository\ch\qos\logback\logback-classic\1.4.14\logback-classic-1.4.14.jar;C:\Users\Ngoc Loc\.m2\repository\ch\qos\logback\logback-core\1.4.14\logback-core-1.4.14.jar;C:\Users\Ngoc Loc\.m2\repository\org\apache\logging\log4j\log4j-to-slf4j\2.21.1\log4j-to-slf4j-2.21.1.jar;C:\Users\Ngoc Loc\.m2\repository\org\apache\logging\log4j\log4j-api\2.21.1\log4j-api-2.21.1.jar;C:\Users\Ngoc Loc\.m2\repository\org\slf4j\jul-to-slf4j\2.0.13\jul-to-slf4j-2.0.13.jar;C:\Users\Ngoc Loc\.m2\repository\jakarta\annotation\jakarta.annotation-api\2.1.1\jakarta.annotation-api-2.1.1.jar;C:\Users\Ngoc Loc\.m2\repository\org\yaml\snakeyaml\2.2\snakeyaml-2.2.jar;C:\Users\Ngoc Loc\.m2\repository\org\springframework\boot\spring-boot-starter-json\3.2.5\spring-boot-starter-json-3.2.5.jar;C:\Users\Ngoc Loc\.m2\repository\com\fasterxml\jackson\core\jackson-databind\2.15.4\jackson-databind-2.15.4.jar;C:\Users\Ngoc Loc\.m2\repository\com\fasterxml\jackson\core\jackson-annotations\2.15.4\jackson-annotations-2.15.4.jar;C:\Users\Ngoc Loc\.m2\repository\com\fasterxml\jackson\core\jackson-core\2.15.4\jackson-core-2.15.4.jar;C:\Users\Ngoc Loc\.m2\repository\com\fasterxml\jackson\datatype\jackson-datatype-jdk8\2.15.4\jackson-datatype-jdk8-2.15.4.jar;C:\Users\Ngoc Loc\.m2\repository\com\fasterxml\jackson\datatype\jackson-datatype-jsr310\2.15.4\jackson-datatype-jsr310-2.15.4.jar;C:\Users\Ngoc Loc\.m2\repository\com\fasterxml\jackson\module\jackson-module-parameter-names\2.15.4\jackson-module-parameter-names-2.15.4.jar;C:\Users\Ngoc Loc\.m2\repository\org\springframework\boot\spring-boot-starter-tomcat\3.2.5\spring-boot-starter-tomcat-3.2.5.jar;C:\Users\Ngoc Loc\.m2\repository\org\apache\tomcat\embed\tomcat-embed-core\10.1.20\tomcat-embed-core-10.1.20.jar;C:\Users\Ngoc Loc\.m2\repository\org\apache\tomcat\embed\tomcat-embed-websocket\10.1.20\tomcat-embed-websocket-10.1.20.jar;C:\Users\Ngoc Loc\.m2\repository\org\springframework\spring-web\6.1.6\spring-web-6.1.6.jar;C:\Users\Ngoc Loc\.m2\repository\org\springframework\spring-beans\6.1.6\spring-beans-6.1.6.jar;C:\Users\Ngoc Loc\.m2\repository\org\springframework\spring-webmvc\6.1.6\spring-webmvc-6.1.6.jar;C:\Users\Ngoc Loc\.m2\repository\org\springframework\spring-aop\6.1.6\spring-aop-6.1.6.jar;C:\Users\Ngoc Loc\.m2\repository\org\springframework\spring-context\6.1.6\spring-context-6.1.6.jar;C:\Users\Ngoc Loc\.m2\repository\org\springframework\spring-expression\6.1.6\spring-expression-6.1.6.jar;C:\Users\Ngoc Loc\.m2\repository\org\springframework\boot\spring-boot-starter-actuator\3.2.5\spring-boot-starter-actuator-3.2.5.jar;C:\Users\Ngoc Loc\.m2\repository\org\springframework\boot\spring-boot-actuator-autoconfigure\3.2.5\spring-boot-actuator-autoconfigure-3.2.5.jar;C:\Users\Ngoc Loc\.m2\repository\org\springframework\boot\spring-boot-actuator\3.2.5\spring-boot-actuator-3.2.5.jar;C:\Users\Ngoc Loc\.m2\repository\io\micrometer\micrometer-observation\1.12.5\micrometer-observation-1.12.5.jar;C:\Users\Ngoc Loc\.m2\repository\io\micrometer\micrometer-commons\1.12.5\micrometer-commons-1.12.5.jar;C:\Users\Ngoc Loc\.m2\repository\io\micrometer\micrometer-jakarta9\1.12.5\micrometer-jakarta9-1.12.5.jar;C:\Users\Ngoc Loc\.m2\repository\io\micrometer\micrometer-core\1.12.5\micrometer-core-1.12.5.jar;C:\Users\Ngoc Loc\.m2\repository\org\hdrhistogram\HdrHistogram\2.1.12\HdrHistogram-2.1.12.jar;C:\Users\Ngoc Loc\.m2\repository\org\latencyutils\LatencyUtils\2.0.3\LatencyUtils-2.0.3.jar;C:\Users\Ngoc Loc\.m2\repository\org\springframework\boot\spring-boot-starter-test\3.2.5\spring-boot-starter-test-3.2.5.jar;C:\Users\Ngoc Loc\.m2\repository\org\springframework\boot\spring-boot-test\3.2.5\spring-boot-test-3.2.5.jar;C:\Users\Ngoc Loc\.m2\repository\org\springframework\boot\spring-boot-test-autoconfigure\3.2.5\spring-boot-test-autoconfigure-3.2.5.jar;C:\Users\Ngoc Loc\.m2\repository\com\jayway\jsonpath\json-path\2.9.0\json-path-2.9.0.jar;C:\Users\Ngoc Loc\.m2\repository\org\slf4j\slf4j-api\2.0.11\slf4j-api-2.0.11.jar;C:\Users\Ngoc Loc\.m2\repository\jakarta\xml\bind\jakarta.xml.bind-api\4.0.2\jakarta.xml.bind-api-4.0.2.jar;C:\Users\Ngoc Loc\.m2\repository\jakarta\activation\jakarta.activation-api\2.1.3\jakarta.activation-api-2.1.3.jar;C:\Users\Ngoc Loc\.m2\repository\net\minidev\json-smart\2.5.1\json-smart-2.5.1.jar;C:\Users\Ngoc Loc\.m2\repository\net\minidev\accessors-smart\2.5.1\accessors-smart-2.5.1.jar;C:\Users\Ngoc Loc\.m2\repository\org\ow2\asm\asm\9.6\asm-9.6.jar;C:\Users\Ngoc Loc\.m2\repository\org\assertj\assertj-core\3.24.2\assertj-core-3.24.2.jar;C:\Users\Ngoc Loc\.m2\repository\net\bytebuddy\byte-buddy\1.12.21\byte-buddy-1.12.21.jar;C:\Users\Ngoc Loc\.m2\repository\org\awaitility\awaitility\4.2.1\awaitility-4.2.1.jar;C:\Users\Ngoc Loc\.m2\repository\org\hamcrest\hamcrest\2.2\hamcrest-2.2.jar;C:\Users\Ngoc Loc\.m2\repository\org\junit\jupiter\junit-jupiter\5.10.2\junit-jupiter-5.10.2.jar;C:\Users\Ngoc Loc\.m2\repository\org\junit\jupiter\junit-jupiter-api\5.10.2\junit-jupiter-api-5.10.2.jar;C:\Users\Ngoc Loc\.m2\repository\org\opentest4j\opentest4j\1.3.0\opentest4j-1.3.0.jar;C:\Users\Ngoc Loc\.m2\repository\org\junit\platform\junit-platform-commons\1.10.2\junit-platform-commons-1.10.2.jar;C:\Users\Ngoc Loc\.m2\repository\org\apiguardian\apiguardian-api\1.1.2\apiguardian-api-1.1.2.jar;C:\Users\Ngoc Loc\.m2\repository\org\junit\jupiter\junit-jupiter-params\5.10.2\junit-jupiter-params-5.10.2.jar;C:\Users\Ngoc Loc\.m2\repository\org\junit\jupiter\junit-jupiter-engine\5.10.2\junit-jupiter-engine-5.10.2.jar;C:\Users\Ngoc Loc\.m2\repository\org\junit\platform\junit-platform-engine\1.10.2\junit-platform-engine-1.10.2.jar;C:\Users\Ngoc Loc\.m2\repository\org\mockito\mockito-core\5.7.0\mockito-core-5.7.0.jar;C:\Users\Ngoc Loc\.m2\repository\net\bytebuddy\byte-buddy-agent\1.14.9\byte-buddy-agent-1.14.9.jar;C:\Users\Ngoc Loc\.m2\repository\org\objenesis\objenesis\3.3\objenesis-3.3.jar;C:\Users\Ngoc Loc\.m2\repository\org\mockito\mockito-junit-jupiter\5.7.0\mockito-junit-jupiter-5.7.0.jar;C:\Users\Ngoc Loc\.m2\repository\org\skyscreamer\jsonassert\1.5.1\jsonassert-1.5.1.jar;C:\Users\Ngoc Loc\.m2\repository\com\vaadin\external\google\android-json\0.0.20131108.vaadin1\android-json-0.0.20131108.vaadin1.jar;C:\Users\Ngoc Loc\.m2\repository\org\springframework\spring-core\6.1.6\spring-core-6.1.6.jar;C:\Users\Ngoc Loc\.m2\repository\org\springframework\spring-jcl\6.1.6\spring-jcl-6.1.6.jar;C:\Users\Ngoc Loc\.m2\repository\org\springframework\spring-test\6.1.6\spring-test-6.1.6.jar;C:\Users\Ngoc Loc\.m2\repository\org\xmlunit\xmlunit-core\2.9.1\xmlunit-core-2.9.1.jar;C:\Users\Ngoc Loc\.m2\repository\org\springframework\boot\spring-boot-starter-validation\3.2.5\spring-boot-starter-validation-3.2.5.jar;C:\Users\Ngoc Loc\.m2\repository\org\apache\tomcat\embed\tomcat-embed-el\10.1.20\tomcat-embed-el-10.1.20.jar;C:\Users\Ngoc Loc\.m2\repository\org\hibernate\validator\hibernate-validator\8.0.1.Final\hibernate-validator-8.0.1.Final.jar;C:\Users\Ngoc Loc\.m2\repository\jakarta\validation\jakarta.validation-api\3.0.2\jakarta.validation-api-3.0.2.jar;C:\Users\Ngoc Loc\.m2\repository\org\jboss\logging\jboss-logging\3.4.3.Final\jboss-logging-3.4.3.Final.jar;C:\Users\Ngoc Loc\.m2\repository\com\fasterxml\classmate\1.5.1\classmate-1.5.1.jar;C:\Users\Ngoc Loc\.m2\repository\org\projectlombok\lombok\1.18.30\lombok-1.18.30.jar;C:\Users\Ngoc Loc\.m2\repository\org\springframework\boot\spring-boot-configuration-processor\3.2.5\spring-boot-configuration-processor-3.2.5.jar;C:\Users\Ngoc Loc\.m2\repository\org\mapstruct\mapstruct\1.6.3\mapstruct-1.6.3.jar;C:\Users\Ngoc Loc\.m2\repository\org\mapstruct\mapstruct-processor\1.6.3\mapstruct-processor-1.6.3.jar;C:\Users\Ngoc Loc\.m2\repository\com\google\zxing\core\3.5.3\core-3.5.3.jar;C:\Users\Ngoc Loc\.m2\repository\com\google\zxing\javase\3.5.3\javase-3.5.3.jar;C:\Users\Ngoc Loc\.m2\repository\com\beust\jcommander\1.82\jcommander-1.82.jar;C:\Users\Ngoc Loc\.m2\repository\com\github\jai-imageio\jai-imageio-core\1.4.0\jai-imageio-core-1.4.0.jar;C:\Users\Ngoc Loc\.m2\repository\software\amazon\awssdk\s3\2.25.14\s3-2.25.14.jar;C:\Users\Ngoc Loc\.m2\repository\software\amazon\awssdk\aws-xml-protocol\2.25.14\aws-xml-protocol-2.25.14.jar;C:\Users\Ngoc Loc\.m2\repository\software\amazon\awssdk\aws-query-protocol\2.25.14\aws-query-protocol-2.25.14.jar;C:\Users\Ngoc Loc\.m2\repository\software\amazon\awssdk\protocol-core\2.25.14\protocol-core-2.25.14.jar;C:\Users\Ngoc Loc\.m2\repository\software\amazon\awssdk\arns\2.25.14\arns-2.25.14.jar;C:\Users\Ngoc Loc\.m2\repository\software\amazon\awssdk\profiles\2.25.14\profiles-2.25.14.jar;C:\Users\Ngoc Loc\.m2\repository\software\amazon\awssdk\crt-core\2.25.14\crt-core-2.25.14.jar;C:\Users\Ngoc Loc\.m2\repository\software\amazon\awssdk\http-auth\2.25.14\http-auth-2.25.14.jar;C:\Users\Ngoc Loc\.m2\repository\software\amazon\awssdk\identity-spi\2.25.14\identity-spi-2.25.14.jar;C:\Users\Ngoc Loc\.m2\repository\software\amazon\awssdk\http-auth-spi\2.25.14\http-auth-spi-2.25.14.jar;C:\Users\Ngoc Loc\.m2\repository\org\reactivestreams\reactive-streams\1.0.4\reactive-streams-1.0.4.jar;C:\Users\Ngoc Loc\.m2\repository\software\amazon\awssdk\http-auth-aws\2.25.14\http-auth-aws-2.25.14.jar;C:\Users\Ngoc Loc\.m2\repository\software\amazon\awssdk\checksums\2.25.14\checksums-2.25.14.jar;C:\Users\Ngoc Loc\.m2\repository\software\amazon\awssdk\checksums-spi\2.25.14\checksums-spi-2.25.14.jar;C:\Users\Ngoc Loc\.m2\repository\software\amazon\awssdk\sdk-core\2.25.14\sdk-core-2.25.14.jar;C:\Users\Ngoc Loc\.m2\repository\software\amazon\awssdk\auth\2.25.14\auth-2.25.14.jar;C:\Users\Ngoc Loc\.m2\repository\software\amazon\eventstream\eventstream\1.0.1\eventstream-1.0.1.jar;C:\Users\Ngoc Loc\.m2\repository\software\amazon\awssdk\http-client-spi\2.25.14\http-client-spi-2.25.14.jar;C:\Users\Ngoc Loc\.m2\repository\software\amazon\awssdk\regions\2.25.14\regions-2.25.14.jar;C:\Users\Ngoc Loc\.m2\repository\software\amazon\awssdk\annotations\2.25.14\annotations-2.25.14.jar;C:\Users\Ngoc Loc\.m2\repository\software\amazon\awssdk\utils\2.25.14\utils-2.25.14.jar;C:\Users\Ngoc Loc\.m2\repository\software\amazon\awssdk\aws-core\2.25.14\aws-core-2.25.14.jar;C:\Users\Ngoc Loc\.m2\repository\software\amazon\awssdk\metrics-spi\2.25.14\metrics-spi-2.25.14.jar;C:\Users\Ngoc Loc\.m2\repository\software\amazon\awssdk\json-utils\2.25.14\json-utils-2.25.14.jar;C:\Users\Ngoc Loc\.m2\repository\software\amazon\awssdk\third-party-jackson-core\2.25.14\third-party-jackson-core-2.25.14.jar;C:\Users\Ngoc Loc\.m2\repository\software\amazon\awssdk\endpoints-spi\2.25.14\endpoints-spi-2.25.14.jar;C:\Users\Ngoc Loc\.m2\repository\software\amazon\awssdk\apache-client\2.25.14\apache-client-2.25.14.jar;C:\Users\Ngoc Loc\.m2\repository\org\apache\httpcomponents\httpclient\4.5.13\httpclient-4.5.13.jar;C:\Users\Ngoc Loc\.m2\repository\commons-logging\commons-logging\1.2\commons-logging-1.2.jar;C:\Users\Ngoc Loc\.m2\repository\org\apache\httpcomponents\httpcore\4.4.13\httpcore-4.4.13.jar;C:\Users\Ngoc Loc\.m2\repository\commons-codec\commons-codec\1.15\commons-codec-1.15.jar;C:\Users\Ngoc Loc\.m2\repository\software\amazon\awssdk\netty-nio-client\2.25.14\netty-nio-client-2.25.14.jar;C:\Users\Ngoc Loc\.m2\repository\io\netty\netty-codec-http\4.1.107.Final\netty-codec-http-4.1.107.Final.jar;C:\Users\Ngoc Loc\.m2\repository\io\netty\netty-codec-http2\4.1.107.Final\netty-codec-http2-4.1.107.Final.jar;C:\Users\Ngoc Loc\.m2\repository\io\netty\netty-codec\4.1.107.Final\netty-codec-4.1.107.Final.jar;C:\Users\Ngoc Loc\.m2\repository\io\netty\netty-transport\4.1.107.Final\netty-transport-4.1.107.Final.jar;C:\Users\Ngoc Loc\.m2\repository\io\netty\netty-common\4.1.107.Final\netty-common-4.1.107.Final.jar;C:\Users\Ngoc Loc\.m2\repository\io\netty\netty-buffer\4.1.107.Final\netty-buffer-4.1.107.Final.jar;C:\Users\Ngoc Loc\.m2\repository\io\netty\netty-handler\4.1.107.Final\netty-handler-4.1.107.Final.jar;C:\Users\Ngoc Loc\.m2\repository\io\netty\netty-transport-native-unix-common\4.1.107.Final\netty-transport-native-unix-common-4.1.107.Final.jar;C:\Users\Ngoc Loc\.m2\repository\io\netty\netty-transport-classes-epoll\4.1.107.Final\netty-transport-classes-epoll-4.1.107.Final.jar;C:\Users\Ngoc Loc\.m2\repository\io\netty\netty-resolver\4.1.107.Final\netty-resolver-4.1.107.Final.jar;C:\Users\Ngoc Loc\.m2\repository\org\springdoc\springdoc-openapi-starter-webmvc-ui\2.5.0\springdoc-openapi-starter-webmvc-ui-2.5.0.jar;C:\Users\Ngoc Loc\.m2\repository\org\springdoc\springdoc-openapi-starter-webmvc-api\2.5.0\springdoc-openapi-starter-webmvc-api-2.5.0.jar;C:\Users\Ngoc Loc\.m2\repository\org\springdoc\springdoc-openapi-starter-common\2.5.0\springdoc-openapi-starter-common-2.5.0.jar;C:\Users\Ngoc Loc\.m2\repository\io\swagger\core\v3\swagger-core-jakarta\2.2.21\swagger-core-jakarta-2.2.21.jar;C:\Users\Ngoc Loc\.m2\repository\org\apache\commons\commons-lang3\3.14.0\commons-lang3-3.14.0.jar;C:\Users\Ngoc Loc\.m2\repository\io\swagger\core\v3\swagger-annotations-jakarta\2.2.21\swagger-annotations-jakarta-2.2.21.jar;C:\Users\Ngoc Loc\.m2\repository\io\swagger\core\v3\swagger-models-jakarta\2.2.21\swagger-models-jakarta-2.2.21.jar;C:\Users\Ngoc Loc\.m2\repository\com\fasterxml\jackson\dataformat\jackson-dataformat-yaml\2.16.2\jackson-dataformat-yaml-2.16.2.jar;C:\Users\Ngoc Loc\.m2\repository\org\webjars\swagger-ui\5.13.0\swagger-ui-5.13.0.jar;"/>
    <property name="java.vm.vendor" value="Oracle Corporation"/>
    <property name="sun.arch.data.model" value="64"/>
    <property name="user.variant" value=""/>
    <property name="java.vendor.url" value="https://java.oracle.com/"/>
    <property name="user.timezone" value="Asia/Bangkok"/>
    <property name="org.jboss.logging.provider" value="slf4j"/>
    <property name="os.name" value="Windows 11"/>
    <property name="java.vm.specification.version" value="24"/>
    <property name="sun.java.launcher" value="SUN_STANDARD"/>
    <property name="user.country" value="US"/>
    <property name="sun.boot.library.path" value="C:\Program Files\Java\jdk-24\bin"/>
    <property name="sun.java.command" value="C:\Users\Ngoc Loc\AppData\Local\Temp\surefire14848962772667687226\surefirebooter-20250617231542138_3.jar C:\Users\Ngoc Loc\AppData\Local\Temp\surefire14848962772667687226 2025-06-17T23-15-41_978-jvmRun1 surefire-20250617231542138_1tmp surefire_0-20250617231542138_2tmp"/>
    <property name="jdk.debug" value="release"/>
    <property name="surefire.test.class.path" value="D:\Documents\7. Repo\online-tools\target\test-classes;D:\Documents\7. Repo\online-tools\target\classes;C:\Users\Ngoc Loc\.m2\repository\org\springframework\boot\spring-boot-starter-web\3.2.5\spring-boot-starter-web-3.2.5.jar;C:\Users\Ngoc Loc\.m2\repository\org\springframework\boot\spring-boot-starter\3.2.5\spring-boot-starter-3.2.5.jar;C:\Users\Ngoc Loc\.m2\repository\org\springframework\boot\spring-boot\3.2.5\spring-boot-3.2.5.jar;C:\Users\Ngoc Loc\.m2\repository\org\springframework\boot\spring-boot-autoconfigure\3.2.5\spring-boot-autoconfigure-3.2.5.jar;C:\Users\Ngoc Loc\.m2\repository\org\springframework\boot\spring-boot-starter-logging\3.2.5\spring-boot-starter-logging-3.2.5.jar;C:\Users\Ngoc Loc\.m2\repository\ch\qos\logback\logback-classic\1.4.14\logback-classic-1.4.14.jar;C:\Users\Ngoc Loc\.m2\repository\ch\qos\logback\logback-core\1.4.14\logback-core-1.4.14.jar;C:\Users\Ngoc Loc\.m2\repository\org\apache\logging\log4j\log4j-to-slf4j\2.21.1\log4j-to-slf4j-2.21.1.jar;C:\Users\Ngoc Loc\.m2\repository\org\apache\logging\log4j\log4j-api\2.21.1\log4j-api-2.21.1.jar;C:\Users\Ngoc Loc\.m2\repository\org\slf4j\jul-to-slf4j\2.0.13\jul-to-slf4j-2.0.13.jar;C:\Users\Ngoc Loc\.m2\repository\jakarta\annotation\jakarta.annotation-api\2.1.1\jakarta.annotation-api-2.1.1.jar;C:\Users\Ngoc Loc\.m2\repository\org\yaml\snakeyaml\2.2\snakeyaml-2.2.jar;C:\Users\Ngoc Loc\.m2\repository\org\springframework\boot\spring-boot-starter-json\3.2.5\spring-boot-starter-json-3.2.5.jar;C:\Users\Ngoc Loc\.m2\repository\com\fasterxml\jackson\core\jackson-databind\2.15.4\jackson-databind-2.15.4.jar;C:\Users\Ngoc Loc\.m2\repository\com\fasterxml\jackson\core\jackson-annotations\2.15.4\jackson-annotations-2.15.4.jar;C:\Users\Ngoc Loc\.m2\repository\com\fasterxml\jackson\core\jackson-core\2.15.4\jackson-core-2.15.4.jar;C:\Users\Ngoc Loc\.m2\repository\com\fasterxml\jackson\datatype\jackson-datatype-jdk8\2.15.4\jackson-datatype-jdk8-2.15.4.jar;C:\Users\Ngoc Loc\.m2\repository\com\fasterxml\jackson\datatype\jackson-datatype-jsr310\2.15.4\jackson-datatype-jsr310-2.15.4.jar;C:\Users\Ngoc Loc\.m2\repository\com\fasterxml\jackson\module\jackson-module-parameter-names\2.15.4\jackson-module-parameter-names-2.15.4.jar;C:\Users\Ngoc Loc\.m2\repository\org\springframework\boot\spring-boot-starter-tomcat\3.2.5\spring-boot-starter-tomcat-3.2.5.jar;C:\Users\Ngoc Loc\.m2\repository\org\apache\tomcat\embed\tomcat-embed-core\10.1.20\tomcat-embed-core-10.1.20.jar;C:\Users\Ngoc Loc\.m2\repository\org\apache\tomcat\embed\tomcat-embed-websocket\10.1.20\tomcat-embed-websocket-10.1.20.jar;C:\Users\Ngoc Loc\.m2\repository\org\springframework\spring-web\6.1.6\spring-web-6.1.6.jar;C:\Users\Ngoc Loc\.m2\repository\org\springframework\spring-beans\6.1.6\spring-beans-6.1.6.jar;C:\Users\Ngoc Loc\.m2\repository\org\springframework\spring-webmvc\6.1.6\spring-webmvc-6.1.6.jar;C:\Users\Ngoc Loc\.m2\repository\org\springframework\spring-aop\6.1.6\spring-aop-6.1.6.jar;C:\Users\Ngoc Loc\.m2\repository\org\springframework\spring-context\6.1.6\spring-context-6.1.6.jar;C:\Users\Ngoc Loc\.m2\repository\org\springframework\spring-expression\6.1.6\spring-expression-6.1.6.jar;C:\Users\Ngoc Loc\.m2\repository\org\springframework\boot\spring-boot-starter-actuator\3.2.5\spring-boot-starter-actuator-3.2.5.jar;C:\Users\Ngoc Loc\.m2\repository\org\springframework\boot\spring-boot-actuator-autoconfigure\3.2.5\spring-boot-actuator-autoconfigure-3.2.5.jar;C:\Users\Ngoc Loc\.m2\repository\org\springframework\boot\spring-boot-actuator\3.2.5\spring-boot-actuator-3.2.5.jar;C:\Users\Ngoc Loc\.m2\repository\io\micrometer\micrometer-observation\1.12.5\micrometer-observation-1.12.5.jar;C:\Users\Ngoc Loc\.m2\repository\io\micrometer\micrometer-commons\1.12.5\micrometer-commons-1.12.5.jar;C:\Users\Ngoc Loc\.m2\repository\io\micrometer\micrometer-jakarta9\1.12.5\micrometer-jakarta9-1.12.5.jar;C:\Users\Ngoc Loc\.m2\repository\io\micrometer\micrometer-core\1.12.5\micrometer-core-1.12.5.jar;C:\Users\Ngoc Loc\.m2\repository\org\hdrhistogram\HdrHistogram\2.1.12\HdrHistogram-2.1.12.jar;C:\Users\Ngoc Loc\.m2\repository\org\latencyutils\LatencyUtils\2.0.3\LatencyUtils-2.0.3.jar;C:\Users\Ngoc Loc\.m2\repository\org\springframework\boot\spring-boot-starter-test\3.2.5\spring-boot-starter-test-3.2.5.jar;C:\Users\Ngoc Loc\.m2\repository\org\springframework\boot\spring-boot-test\3.2.5\spring-boot-test-3.2.5.jar;C:\Users\Ngoc Loc\.m2\repository\org\springframework\boot\spring-boot-test-autoconfigure\3.2.5\spring-boot-test-autoconfigure-3.2.5.jar;C:\Users\Ngoc Loc\.m2\repository\com\jayway\jsonpath\json-path\2.9.0\json-path-2.9.0.jar;C:\Users\Ngoc Loc\.m2\repository\org\slf4j\slf4j-api\2.0.11\slf4j-api-2.0.11.jar;C:\Users\Ngoc Loc\.m2\repository\jakarta\xml\bind\jakarta.xml.bind-api\4.0.2\jakarta.xml.bind-api-4.0.2.jar;C:\Users\Ngoc Loc\.m2\repository\jakarta\activation\jakarta.activation-api\2.1.3\jakarta.activation-api-2.1.3.jar;C:\Users\Ngoc Loc\.m2\repository\net\minidev\json-smart\2.5.1\json-smart-2.5.1.jar;C:\Users\Ngoc Loc\.m2\repository\net\minidev\accessors-smart\2.5.1\accessors-smart-2.5.1.jar;C:\Users\Ngoc Loc\.m2\repository\org\ow2\asm\asm\9.6\asm-9.6.jar;C:\Users\Ngoc Loc\.m2\repository\org\assertj\assertj-core\3.24.2\assertj-core-3.24.2.jar;C:\Users\Ngoc Loc\.m2\repository\net\bytebuddy\byte-buddy\1.12.21\byte-buddy-1.12.21.jar;C:\Users\Ngoc Loc\.m2\repository\org\awaitility\awaitility\4.2.1\awaitility-4.2.1.jar;C:\Users\Ngoc Loc\.m2\repository\org\hamcrest\hamcrest\2.2\hamcrest-2.2.jar;C:\Users\Ngoc Loc\.m2\repository\org\junit\jupiter\junit-jupiter\5.10.2\junit-jupiter-5.10.2.jar;C:\Users\Ngoc Loc\.m2\repository\org\junit\jupiter\junit-jupiter-api\5.10.2\junit-jupiter-api-5.10.2.jar;C:\Users\Ngoc Loc\.m2\repository\org\opentest4j\opentest4j\1.3.0\opentest4j-1.3.0.jar;C:\Users\Ngoc Loc\.m2\repository\org\junit\platform\junit-platform-commons\1.10.2\junit-platform-commons-1.10.2.jar;C:\Users\Ngoc Loc\.m2\repository\org\apiguardian\apiguardian-api\1.1.2\apiguardian-api-1.1.2.jar;C:\Users\Ngoc Loc\.m2\repository\org\junit\jupiter\junit-jupiter-params\5.10.2\junit-jupiter-params-5.10.2.jar;C:\Users\Ngoc Loc\.m2\repository\org\junit\jupiter\junit-jupiter-engine\5.10.2\junit-jupiter-engine-5.10.2.jar;C:\Users\Ngoc Loc\.m2\repository\org\junit\platform\junit-platform-engine\1.10.2\junit-platform-engine-1.10.2.jar;C:\Users\Ngoc Loc\.m2\repository\org\mockito\mockito-core\5.7.0\mockito-core-5.7.0.jar;C:\Users\Ngoc Loc\.m2\repository\net\bytebuddy\byte-buddy-agent\1.14.9\byte-buddy-agent-1.14.9.jar;C:\Users\Ngoc Loc\.m2\repository\org\objenesis\objenesis\3.3\objenesis-3.3.jar;C:\Users\Ngoc Loc\.m2\repository\org\mockito\mockito-junit-jupiter\5.7.0\mockito-junit-jupiter-5.7.0.jar;C:\Users\Ngoc Loc\.m2\repository\org\skyscreamer\jsonassert\1.5.1\jsonassert-1.5.1.jar;C:\Users\Ngoc Loc\.m2\repository\com\vaadin\external\google\android-json\0.0.20131108.vaadin1\android-json-0.0.20131108.vaadin1.jar;C:\Users\Ngoc Loc\.m2\repository\org\springframework\spring-core\6.1.6\spring-core-6.1.6.jar;C:\Users\Ngoc Loc\.m2\repository\org\springframework\spring-jcl\6.1.6\spring-jcl-6.1.6.jar;C:\Users\Ngoc Loc\.m2\repository\org\springframework\spring-test\6.1.6\spring-test-6.1.6.jar;C:\Users\Ngoc Loc\.m2\repository\org\xmlunit\xmlunit-core\2.9.1\xmlunit-core-2.9.1.jar;C:\Users\Ngoc Loc\.m2\repository\org\springframework\boot\spring-boot-starter-validation\3.2.5\spring-boot-starter-validation-3.2.5.jar;C:\Users\Ngoc Loc\.m2\repository\org\apache\tomcat\embed\tomcat-embed-el\10.1.20\tomcat-embed-el-10.1.20.jar;C:\Users\Ngoc Loc\.m2\repository\org\hibernate\validator\hibernate-validator\8.0.1.Final\hibernate-validator-8.0.1.Final.jar;C:\Users\Ngoc Loc\.m2\repository\jakarta\validation\jakarta.validation-api\3.0.2\jakarta.validation-api-3.0.2.jar;C:\Users\Ngoc Loc\.m2\repository\org\jboss\logging\jboss-logging\3.4.3.Final\jboss-logging-3.4.3.Final.jar;C:\Users\Ngoc Loc\.m2\repository\com\fasterxml\classmate\1.5.1\classmate-1.5.1.jar;C:\Users\Ngoc Loc\.m2\repository\org\projectlombok\lombok\1.18.30\lombok-1.18.30.jar;C:\Users\Ngoc Loc\.m2\repository\org\springframework\boot\spring-boot-configuration-processor\3.2.5\spring-boot-configuration-processor-3.2.5.jar;C:\Users\Ngoc Loc\.m2\repository\org\mapstruct\mapstruct\1.6.3\mapstruct-1.6.3.jar;C:\Users\Ngoc Loc\.m2\repository\org\mapstruct\mapstruct-processor\1.6.3\mapstruct-processor-1.6.3.jar;C:\Users\Ngoc Loc\.m2\repository\com\google\zxing\core\3.5.3\core-3.5.3.jar;C:\Users\Ngoc Loc\.m2\repository\com\google\zxing\javase\3.5.3\javase-3.5.3.jar;C:\Users\Ngoc Loc\.m2\repository\com\beust\jcommander\1.82\jcommander-1.82.jar;C:\Users\Ngoc Loc\.m2\repository\com\github\jai-imageio\jai-imageio-core\1.4.0\jai-imageio-core-1.4.0.jar;C:\Users\Ngoc Loc\.m2\repository\software\amazon\awssdk\s3\2.25.14\s3-2.25.14.jar;C:\Users\Ngoc Loc\.m2\repository\software\amazon\awssdk\aws-xml-protocol\2.25.14\aws-xml-protocol-2.25.14.jar;C:\Users\Ngoc Loc\.m2\repository\software\amazon\awssdk\aws-query-protocol\2.25.14\aws-query-protocol-2.25.14.jar;C:\Users\Ngoc Loc\.m2\repository\software\amazon\awssdk\protocol-core\2.25.14\protocol-core-2.25.14.jar;C:\Users\Ngoc Loc\.m2\repository\software\amazon\awssdk\arns\2.25.14\arns-2.25.14.jar;C:\Users\Ngoc Loc\.m2\repository\software\amazon\awssdk\profiles\2.25.14\profiles-2.25.14.jar;C:\Users\Ngoc Loc\.m2\repository\software\amazon\awssdk\crt-core\2.25.14\crt-core-2.25.14.jar;C:\Users\Ngoc Loc\.m2\repository\software\amazon\awssdk\http-auth\2.25.14\http-auth-2.25.14.jar;C:\Users\Ngoc Loc\.m2\repository\software\amazon\awssdk\identity-spi\2.25.14\identity-spi-2.25.14.jar;C:\Users\Ngoc Loc\.m2\repository\software\amazon\awssdk\http-auth-spi\2.25.14\http-auth-spi-2.25.14.jar;C:\Users\Ngoc Loc\.m2\repository\org\reactivestreams\reactive-streams\1.0.4\reactive-streams-1.0.4.jar;C:\Users\Ngoc Loc\.m2\repository\software\amazon\awssdk\http-auth-aws\2.25.14\http-auth-aws-2.25.14.jar;C:\Users\Ngoc Loc\.m2\repository\software\amazon\awssdk\checksums\2.25.14\checksums-2.25.14.jar;C:\Users\Ngoc Loc\.m2\repository\software\amazon\awssdk\checksums-spi\2.25.14\checksums-spi-2.25.14.jar;C:\Users\Ngoc Loc\.m2\repository\software\amazon\awssdk\sdk-core\2.25.14\sdk-core-2.25.14.jar;C:\Users\Ngoc Loc\.m2\repository\software\amazon\awssdk\auth\2.25.14\auth-2.25.14.jar;C:\Users\Ngoc Loc\.m2\repository\software\amazon\eventstream\eventstream\1.0.1\eventstream-1.0.1.jar;C:\Users\Ngoc Loc\.m2\repository\software\amazon\awssdk\http-client-spi\2.25.14\http-client-spi-2.25.14.jar;C:\Users\Ngoc Loc\.m2\repository\software\amazon\awssdk\regions\2.25.14\regions-2.25.14.jar;C:\Users\Ngoc Loc\.m2\repository\software\amazon\awssdk\annotations\2.25.14\annotations-2.25.14.jar;C:\Users\Ngoc Loc\.m2\repository\software\amazon\awssdk\utils\2.25.14\utils-2.25.14.jar;C:\Users\Ngoc Loc\.m2\repository\software\amazon\awssdk\aws-core\2.25.14\aws-core-2.25.14.jar;C:\Users\Ngoc Loc\.m2\repository\software\amazon\awssdk\metrics-spi\2.25.14\metrics-spi-2.25.14.jar;C:\Users\Ngoc Loc\.m2\repository\software\amazon\awssdk\json-utils\2.25.14\json-utils-2.25.14.jar;C:\Users\Ngoc Loc\.m2\repository\software\amazon\awssdk\third-party-jackson-core\2.25.14\third-party-jackson-core-2.25.14.jar;C:\Users\Ngoc Loc\.m2\repository\software\amazon\awssdk\endpoints-spi\2.25.14\endpoints-spi-2.25.14.jar;C:\Users\Ngoc Loc\.m2\repository\software\amazon\awssdk\apache-client\2.25.14\apache-client-2.25.14.jar;C:\Users\Ngoc Loc\.m2\repository\org\apache\httpcomponents\httpclient\4.5.13\httpclient-4.5.13.jar;C:\Users\Ngoc Loc\.m2\repository\commons-logging\commons-logging\1.2\commons-logging-1.2.jar;C:\Users\Ngoc Loc\.m2\repository\org\apache\httpcomponents\httpcore\4.4.13\httpcore-4.4.13.jar;C:\Users\Ngoc Loc\.m2\repository\commons-codec\commons-codec\1.15\commons-codec-1.15.jar;C:\Users\Ngoc Loc\.m2\repository\software\amazon\awssdk\netty-nio-client\2.25.14\netty-nio-client-2.25.14.jar;C:\Users\Ngoc Loc\.m2\repository\io\netty\netty-codec-http\4.1.107.Final\netty-codec-http-4.1.107.Final.jar;C:\Users\Ngoc Loc\.m2\repository\io\netty\netty-codec-http2\4.1.107.Final\netty-codec-http2-4.1.107.Final.jar;C:\Users\Ngoc Loc\.m2\repository\io\netty\netty-codec\4.1.107.Final\netty-codec-4.1.107.Final.jar;C:\Users\Ngoc Loc\.m2\repository\io\netty\netty-transport\4.1.107.Final\netty-transport-4.1.107.Final.jar;C:\Users\Ngoc Loc\.m2\repository\io\netty\netty-common\4.1.107.Final\netty-common-4.1.107.Final.jar;C:\Users\Ngoc Loc\.m2\repository\io\netty\netty-buffer\4.1.107.Final\netty-buffer-4.1.107.Final.jar;C:\Users\Ngoc Loc\.m2\repository\io\netty\netty-handler\4.1.107.Final\netty-handler-4.1.107.Final.jar;C:\Users\Ngoc Loc\.m2\repository\io\netty\netty-transport-native-unix-common\4.1.107.Final\netty-transport-native-unix-common-4.1.107.Final.jar;C:\Users\Ngoc Loc\.m2\repository\io\netty\netty-transport-classes-epoll\4.1.107.Final\netty-transport-classes-epoll-4.1.107.Final.jar;C:\Users\Ngoc Loc\.m2\repository\io\netty\netty-resolver\4.1.107.Final\netty-resolver-4.1.107.Final.jar;C:\Users\Ngoc Loc\.m2\repository\org\springdoc\springdoc-openapi-starter-webmvc-ui\2.5.0\springdoc-openapi-starter-webmvc-ui-2.5.0.jar;C:\Users\Ngoc Loc\.m2\repository\org\springdoc\springdoc-openapi-starter-webmvc-api\2.5.0\springdoc-openapi-starter-webmvc-api-2.5.0.jar;C:\Users\Ngoc Loc\.m2\repository\org\springdoc\springdoc-openapi-starter-common\2.5.0\springdoc-openapi-starter-common-2.5.0.jar;C:\Users\Ngoc Loc\.m2\repository\io\swagger\core\v3\swagger-core-jakarta\2.2.21\swagger-core-jakarta-2.2.21.jar;C:\Users\Ngoc Loc\.m2\repository\org\apache\commons\commons-lang3\3.14.0\commons-lang3-3.14.0.jar;C:\Users\Ngoc Loc\.m2\repository\io\swagger\core\v3\swagger-annotations-jakarta\2.2.21\swagger-annotations-jakarta-2.2.21.jar;C:\Users\Ngoc Loc\.m2\repository\io\swagger\core\v3\swagger-models-jakarta\2.2.21\swagger-models-jakarta-2.2.21.jar;C:\Users\Ngoc Loc\.m2\repository\com\fasterxml\jackson\dataformat\jackson-dataformat-yaml\2.16.2\jackson-dataformat-yaml-2.16.2.jar;C:\Users\Ngoc Loc\.m2\repository\org\webjars\swagger-ui\5.13.0\swagger-ui-5.13.0.jar;"/>
    <property name="sun.cpu.endian" value="little"/>
    <property name="user.home" value="C:\Users\Ngoc Loc"/>
    <property name="user.language" value="en"/>
    <property name="java.specification.vendor" value="Oracle Corporation"/>
    <property name="java.version.date" value="2025-04-15"/>
    <property name="java.home" value="C:\Program Files\Java\jdk-24"/>
    <property name="file.separator" value="\"/>
    <property name="basedir" value="D:\Documents\7. Repo\online-tools"/>
    <property name="java.vm.compressedOopsMode" value="Zero based"/>
    <property name="line.separator" value="&#10;"/>
    <property name="java.vm.specification.vendor" value="Oracle Corporation"/>
    <property name="java.specification.name" value="Java Platform API Specification"/>
    <property name="FILE_LOG_CHARSET" value="UTF-8"/>
    <property name="java.awt.headless" value="true"/>
    <property name="surefire.real.class.path" value="C:\Users\Ngoc Loc\AppData\Local\Temp\surefire14848962772667687226\surefirebooter-20250617231542138_3.jar"/>
    <property name="user.script" value=""/>
    <property name="sun.management.compiler" value="HotSpot 64-Bit Tiered Compilers"/>
    <property name="java.runtime.version" value="24.0.1+9-30"/>
    <property name="user.name" value="Ngoc Loc"/>
    <property name="stdout.encoding" value="Cp1252"/>
    <property name="path.separator" value=";"/>
    <property name="os.version" value="10.0"/>
    <property name="java.runtime.name" value="Java(TM) SE Runtime Environment"/>
    <property name="file.encoding" value="UTF-8"/>
    <property name="java.vm.name" value="Java HotSpot(TM) 64-Bit Server VM"/>
    <property name="localRepository" value="C:\Users\Ngoc Loc\.m2\repository"/>
    <property name="java.vendor.url.bug" value="https://bugreport.java.com/bugreport/"/>
    <property name="java.io.tmpdir" value="C:\Users\NGOCLO~1\AppData\Local\Temp\"/>
    <property name="java.version" value="24.0.1"/>
    <property name="user.dir" value="D:\Documents\7. Repo\online-tools"/>
    <property name="os.arch" value="amd64"/>
    <property name="java.vm.specification.name" value="Java Virtual Machine Specification"/>
    <property name="PID" value="14268"/>
    <property name="sun.os.patch.level" value=""/>
    <property name="CONSOLE_LOG_CHARSET" value="UTF-8"/>
    <property name="native.encoding" value="Cp1252"/>
    <property name="java.library.path" value="C:\Program Files\Java\jdk-24\bin;C:\Windows\Sun\Java\bin;C:\Windows\system32;C:\Windows;C:\Users\Ngoc Loc\bin;C:\Program Files\Git\mingw64\bin;C:\Program Files\Git\usr\local\bin;C:\Program Files\Git\usr\bin;C:\Program Files\Git\usr\bin;C:\Program Files\Git\mingw64\bin;C:\Program Files\Git\usr\bin;C:\Users\Ngoc Loc\bin;C:\Program Files\Common Files\Oracle\Java\javapath;C:\Windows\system32;C:\Windows;C:\Windows\System32\Wbem;C:\Windows\System32\WindowsPowerShell\v1.0;C:\Windows\System32\OpenSSH;C:\Program Files\dotnet;C:\Program Files\Docker\Docker\resources\bin;C:\Program Files\Git\cmd;C:\Program Files\Maven\bin;C:\Users\Ngoc Loc\AppData\Local\Programs\Python\Python312\Scripts;C:\Users\Ngoc Loc\AppData\Local\Programs\Python\Python312;C:\Users\Ngoc Loc\AppData\Local\Microsoft\WindowsApps;C:\Users\Ngoc Loc\AppData\Local\Programs\Microsoft VS Code\bin;C:\Users\Ngoc Loc\.dotnet\tools;C:\Users\Ngoc Loc\AppData\Roaming\Code\User\globalStorage\github.copilot-chat\debugCommand;C:\Program Files\Git\usr\bin\vendor_perl;C:\Program Files\Git\usr\bin\core_perl;."/>
    <property name="java.vm.info" value="mixed mode, sharing"/>
    <property name="stderr.encoding" value="Cp1252"/>
    <property name="java.vendor" value="Oracle Corporation"/>
    <property name="java.vm.version" value="24.0.1+9-30"/>
    <property name="sun.io.unicode.encoding" value="UnicodeLittle"/>
    <property name="java.class.version" value="68.0"/>
    <property name="LOGGED_APPLICATION_NAME" value="[online-tools] "/>
  </properties>
  <testcase name="testKeccak256Hash" classname="com.example.onlinetools.controller.HashControllerTest" time="0.754">
    <failure message="Response content expected:&lt;3c6e0b8a9c1528f5b00e573d07e29c52691b49b449dd1c16d502019aa649b6f2&gt; but was:&lt;36f028580bb02cc8272a9a020f4200e346e276ae664e45ee80745574e2f5ab80&gt;" type="java.lang.AssertionError"><![CDATA[java.lang.AssertionError: Response content expected:<3c6e0b8a9c1528f5b00e573d07e29c52691b49b449dd1c16d502019aa649b6f2> but was:<36f028580bb02cc8272a9a020f4200e346e276ae664e45ee80745574e2f5ab80>
	at org.springframework.test.util.AssertionErrors.fail(AssertionErrors.java:59)
	at org.springframework.test.util.AssertionErrors.assertEquals(AssertionErrors.java:122)
	at org.springframework.test.web.servlet.result.ContentResultMatchers.lambda$string$4(ContentResultMatchers.java:148)
	at org.springframework.test.web.servlet.MockMvc$1.andExpect(MockMvc.java:214)
	at com.example.onlinetools.controller.HashControllerTest.testKeccak256Hash(HashControllerTest.java:48)
	at java.base/java.lang.reflect.Method.invoke(Method.java:565)
	at java.base/java.util.ArrayList.forEach(ArrayList.java:1604)
	at java.base/java.util.ArrayList.forEach(ArrayList.java:1604)
]]></failure>
    <system-out><![CDATA[23:15:43.237 [main] INFO org.springframework.test.context.support.AnnotationConfigContextLoaderUtils -- Could not detect default configuration classes for test class [com.example.onlinetools.controller.HashControllerTest]: HashControllerTest does not declare any static, non-private, non-final, nested classes annotated with @Configuration.
23:15:43.454 [main] INFO org.springframework.boot.test.context.SpringBootTestContextBootstrapper -- Found @SpringBootConfiguration com.example.onlinetools.OnlineToolsApplication for test class com.example.onlinetools.controller.HashControllerTest

  .   ____          _            __ _ _
 /\\ / ___'_ __ _ _(_)_ __  __ _ \ \ \ \
( ( )\___ | '_ | '_| | '_ \/ _` | \ \ \ \
 \\/  ___)| |_)| | | | | || (_| |  ) ) ) )
  '  |____| .__|_| |_|_| |_\__, | / / / /
 =========|_|==============|___/=/_/_/_/
 :: Spring Boot ::                (v3.2.5)

2025-06-17T23:15:44.031+07:00  INFO 14268 --- [online-tools] [           main] c.e.o.controller.HashControllerTest      : Starting HashControllerTest using Java 24.0.1 with PID 14268 (started by Ngoc Loc in D:\Documents\7. Repo\online-tools)
2025-06-17T23:15:44.033+07:00  INFO 14268 --- [online-tools] [           main] c.e.o.controller.HashControllerTest      : No active profile set, falling back to 1 default profile: "default"
2025-06-17T23:15:46.845+07:00  INFO 14268 --- [online-tools] [           main] o.s.b.t.m.w.SpringBootMockServletContext : Initializing Spring TestDispatcherServlet ''
2025-06-17T23:15:46.845+07:00  INFO 14268 --- [online-tools] [           main] o.s.t.web.servlet.TestDispatcherServlet  : Initializing Servlet ''
2025-06-17T23:15:46.856+07:00  INFO 14268 --- [online-tools] [           main] o.s.b.a.e.web.EndpointLinksResolver      : Exposing 13 endpoint(s) beneath base path '/actuator'
2025-06-17T23:15:46.875+07:00  INFO 14268 --- [online-tools] [           main] o.s.t.web.servlet.TestDispatcherServlet  : Completed initialization in 29 ms
2025-06-17T23:15:46.950+07:00  INFO 14268 --- [online-tools] [           main] c.e.o.controller.HashControllerTest      : Started HashControllerTest in 3.309 seconds (process running for 4.657)

MockHttpServletRequest:
      HTTP Method = POST
      Request URI = /api/hash/keccak256
       Parameters = {}
          Headers = [Content-Type:"text/plain;charset=UTF-8", Content-Length:"4"]
             Body = test
    Session Attrs = {}

Handler:
             Type = com.example.onlinetools.controller.HashController
           Method = com.example.onlinetools.controller.HashController#keccak256Hash(String)

Async:
    Async started = false
     Async result = null

Resolved Exception:
             Type = null

ModelAndView:
        View name = null
             View = null
            Model = null

FlashMap:
       Attributes = null

MockHttpServletResponse:
           Status = 200
    Error message = null
          Headers = [Content-Type:"text/plain;charset=UTF-8", Content-Length:"64"]
     Content type = text/plain;charset=UTF-8
             Body = 36f028580bb02cc8272a9a020f4200e346e276ae664e45ee80745574e2f5ab80
    Forwarded URL = null
   Redirected URL = null
          Cookies = []
]]></system-out>
    <system-err><![CDATA[WARNING: A Java agent has been loaded dynamically (C:\Users\Ngoc Loc\.m2\repository\net\bytebuddy\byte-buddy-agent\1.14.9\byte-buddy-agent-1.14.9.jar)
WARNING: If a serviceability tool is in use, please run with -XX:+EnableDynamicAgentLoading to hide this warning
WARNING: If a serviceability tool is not in use, please run with -Djdk.instrument.traceUsage for more information
WARNING: Dynamic loading of agents will be disallowed by default in a future release
]]></system-err>
  </testcase>
  <testcase name="testSha256Hash" classname="com.example.onlinetools.controller.HashControllerTest" time="0.016"/>
  <testcase name="testSha512Hash" classname="com.example.onlinetools.controller.HashControllerTest" time="0.011"/>
</testsuite>